<?xml version="1.0" encoding="UTF-8"?>
<!-- Generated by org.testng.reporters.JUnitReportReporter -->
<testsuite hostname="FA073091" failures="0" tests="1" name="annotation.C1" time="0.008" errors="0" timestamp="2025-05-10T22:22:00 IST" skipped="0">
  <testcase classname="annotation.C1" name="test" time="0.008"/>
</testsuite> <!-- annotation.C1 -->
