<?xml version="1.0" encoding="UTF-8"?>
<!-- Generated by org.testng.reporters.JUnitReportReporter -->
<testsuite hostname="FA073091" failures="0" tests="1" name="crud.Selenium" time="9.016" errors="0" timestamp="2025-05-10T23:48:09 IST" skipped="0">
  <testcase classname="crud.Selenium" name="automation" time="9.016"/>
</testsuite> <!-- crud.Selenium -->
