<?xml version="1.0" encoding="UTF-8"?>
<!-- Generated by org.testng.reporters.JUnitReportReporter -->
<testsuite hostname="FA073091" failures="0" tests="1" name="test.TestAutomation" time="11.424" errors="0" timestamp="2024-10-05T13:04:46 IST" skipped="0">
  <testcase classname="test.TestAutomation" name="test1" time="11.424"/>
</testsuite> <!-- test.TestAutomation -->
