<?xml version="1.0" encoding="UTF-8"?>
<!-- Generated by org.testng.reporters.JUnitReportReporter -->
<testsuite hostname="FA073091" failures="0" tests="1" name="crud.DeleteUser" time="1.066" errors="0" timestamp="2025-05-10T23:48:09 IST" skipped="0">
  <testcase classname="crud.DeleteUser" name="createUser" time="1.066"/>
</testsuite> <!-- crud.DeleteUser -->
