<?xml version="1.0" encoding="UTF-8"?>
<!-- Generated by org.testng.reporters.JUnitReportReporter -->
<testsuite hostname="FA073091" failures="0" tests="1" name="annotation.T1" time="0.040" errors="0" timestamp="2025-05-10T23:43:06 IST" skipped="0">
  <testcase classname="annotation.T1" name="test" time="0.040"/>
</testsuite> <!-- annotation.T1 -->
