<?xml version="1.0" encoding="UTF-8"?>
<!-- Generated by org.testng.reporters.JUnitReportReporter -->
<testsuite hostname="FA073091" failures="0" tests="1" name="annotation.C2" time="0.001" errors="0" timestamp="2025-05-10T22:22:00 IST" skipped="0">
  <testcase classname="annotation.C2" name="test" time="0.001"/>
</testsuite> <!-- annotation.C2 -->
