<?xml version="1.0" encoding="UTF-8"?>
<!-- Generated by org.testng.reporters.JUnitReportReporter -->
<testsuite hostname="FA073091" failures="0" tests="1" name="crud.GetUser" time="1.095" errors="0" timestamp="2025-05-10T23:48:09 IST" skipped="0">
  <testcase classname="crud.GetUser" name="getUser" time="1.095"/>
</testsuite> <!-- crud.GetUser -->
