<?xml version="1.0" encoding="UTF-8"?>
<!-- Generated by org.testng.reporters.JUnitReportReporter -->
<testsuite hostname="FA073091" failures="0" tests="1" name="annotation.T2" time="0.001" errors="0" timestamp="2025-05-10T22:29:09 IST" skipped="0">
  <testcase classname="annotation.T2" name="test" time="0.001"/>
</testsuite> <!-- annotation.T2 -->
