<?xml version="1.0" encoding="UTF-8"?>
<!-- Generated by org.testng.reporters.JUnitReportReporter -->
<testsuite hostname="FA073091" failures="0" tests="1" name="api.HTTPRequest" time="6.141" errors="0" timestamp="2025-01-25T23:03:10 IST" skipped="0">
  <testcase classname="api.HTTPRequest" name="testAPI" time="6.141"/>
</testsuite> <!-- api.HTTPRequest -->
