<?xml version="1.0" encoding="UTF-8"?>
<!-- Generated by org.testng.reporters.JUnitReportReporter -->
<testsuite hostname="FA073091" failures="0" tests="2" name="annotation.Annotations" time="0.008" errors="0" timestamp="2025-05-10T22:17:22 IST" skipped="0">
  <testcase classname="annotation.Annotations" name="search" time="0.007"/>
  <testcase classname="annotation.Annotations" name="advSearch" time="0.001"/>
</testsuite> <!-- annotation.Annotations -->
