<?xml version="1.0" encoding="UTF-8"?>
<!-- Generated by org.testng.reporters.JUnitReportReporter -->
<testsuite hostname="FA073091" failures="0" tests="1" name="crud.CreateUser" time="2.829" errors="0" timestamp="2025-05-10T23:48:09 IST" skipped="0">
  <testcase classname="crud.CreateUser" name="createUser" time="2.829"/>
</testsuite> <!-- crud.CreateUser -->
