<?xml version="1.0" encoding="UTF-8"?>
<!-- Generated by org.testng.reporters.JUnitReportReporter -->
<testsuite hostname="FA073091" failures="0" tests="1" name="api.HTTPRequest" time="1.831" errors="0" timestamp="2025-05-10T22:14:43 IST" skipped="0">
  <testcase classname="api.HTTPRequest" name="test2API" time="1.831"/>
</testsuite> <!-- api.HTTPRequest -->
