<?xml version="1.0" encoding="UTF-8"?>
<!-- Generated by org.testng.reporters.JUnitReportReporter -->
<testsuite hostname="FA073091" failures="0" tests="1" name="annotation.T1" time="0.006" errors="0" timestamp="2025-05-15T22:15:45 IST" skipped="0">
  <testcase classname="annotation.T1" name="test" time="0.006"/>
</testsuite> <!-- annotation.T1 -->
