<?xml version="1.0" encoding="UTF-8"?>
<!-- Generated by org.testng.reporters.JUnitReportReporter -->
<testsuite hostname="FA073091" failures="0" tests="1" name="crud.CreateUser" time="4.988" errors="0" timestamp="2025-05-15T22:21:02 IST" skipped="0">
  <testcase classname="crud.CreateUser" name="createUser" time="4.988"/>
</testsuite> <!-- crud.CreateUser -->
